<?xml version="1.0" encoding="UTF-8"?>
<testng-results ignored="0" total="3" passed="2" failed="1" skipped="0">
  <reporter-output>
  </reporter-output>
  <suite started-at="2022-06-01T21:53:28 CEST" name="Default suite" finished-at="2022-06-01T21:53:35 CEST" duration-ms="6517">
    <groups>
    </groups>
    <test started-at="2022-06-01T21:53:28 CEST" name="Default test" finished-at="2022-06-01T21:53:35 CEST" duration-ms="6517">
      <class name="com.te.toolsqa.TextBoxPageTest">
        <test-method is-config="true" signature="RetrieveParameters(java.lang.reflect.Method)[pri:0, instance:com.te.toolsqa.TextBoxPageTest@2bac9ba]" started-at="2022-06-01T21:53:28 CEST" name="RetrieveParameters" finished-at="2022-06-01T21:53:28 CEST" duration-ms="7" status="PASS">
          <params>
            <param index="0">
              <value>
                <![CDATA[public void com.te.toolsqa.TextBoxPageTest.VerifyAbleToPopulateFormWithAllParameters()]]>
              </value>
            </param>
          </params>
          <reporter-output>
          </reporter-output>
        </test-method> <!-- RetrieveParameters -->
        <test-method signature="VerifyAbleToPopulateFormWithAllParameters()[pri:0, instance:com.te.toolsqa.TextBoxPageTest@2bac9ba]" started-at="2022-06-01T21:53:28 CEST" name="VerifyAbleToPopulateFormWithAllParameters" finished-at="2022-06-01T21:53:31 CEST" duration-ms="2956" status="PASS">
          <reporter-output>
          </reporter-output>
        </test-method> <!-- VerifyAbleToPopulateFormWithAllParameters -->
        <test-method is-config="true" signature="RetrieveParameters(java.lang.reflect.Method)[pri:0, instance:com.te.toolsqa.TextBoxPageTest@2bac9ba]" started-at="2022-06-01T21:53:31 CEST" name="RetrieveParameters" finished-at="2022-06-01T21:53:31 CEST" duration-ms="1" status="PASS">
          <params>
            <param index="0">
              <value>
                <![CDATA[public void com.te.toolsqa.TextBoxPageTest.VerifyAbleToPopulateFormWithSkipParameters()]]>
              </value>
            </param>
          </params>
          <reporter-output>
          </reporter-output>
        </test-method> <!-- RetrieveParameters -->
        <test-method signature="VerifyAbleToPopulateFormWithSkipParameters()[pri:0, instance:com.te.toolsqa.TextBoxPageTest@2bac9ba]" started-at="2022-06-01T21:53:31 CEST" name="VerifyAbleToPopulateFormWithSkipParameters" finished-at="2022-06-01T21:53:33 CEST" duration-ms="1598" status="FAIL">
          <exception class="java.lang.AssertionError">
            <message>
              <![CDATA[Success Message is not visible expected [true] but found [false]]]>
            </message>
            <full-stacktrace>
              <![CDATA[java.lang.AssertionError: Success Message is not visible expected [true] but found [false]
at org.testng.Assert.fail(Assert.java:99)
at org.testng.Assert.failNotEquals(Assert.java:1037)
at org.testng.Assert.assertTrue(Assert.java:45)
at com.te.toolsqa.TextBoxPageTest.VerifyAbleToPopulateFormWithSkipParameters(TextBoxPageTest.java:51)
at java.base/jdk.internal.reflect.DirectMethodHandleAccessor.invoke(DirectMethodHandleAccessor.java:104)
at java.base/java.lang.reflect.Method.invoke(Method.java:577)
at org.testng.internal.MethodInvocationHelper.invokeMethod(MethodInvocationHelper.java:133)
at org.testng.internal.TestInvoker.invokeMethod(TestInvoker.java:598)
at org.testng.internal.TestInvoker.invokeTestMethod(TestInvoker.java:173)
at org.testng.internal.MethodRunner.runInSequence(MethodRunner.java:46)
at org.testng.internal.TestInvoker$MethodInvocationAgent.invoke(TestInvoker.java:824)
at org.testng.internal.TestInvoker.invokeTestMethods(TestInvoker.java:146)
at org.testng.internal.TestMethodWorker.invokeTestMethods(TestMethodWorker.java:146)
at org.testng.internal.TestMethodWorker.run(TestMethodWorker.java:128)
at java.base/java.util.ArrayList.forEach(ArrayList.java:1511)
at org.testng.TestRunner.privateRun(TestRunner.java:794)
at org.testng.TestRunner.run(TestRunner.java:596)
at org.testng.SuiteRunner.runTest(SuiteRunner.java:377)
at org.testng.SuiteRunner.runSequentially(SuiteRunner.java:371)
at org.testng.SuiteRunner.privateRun(SuiteRunner.java:332)
at org.testng.SuiteRunner.run(SuiteRunner.java:276)
at org.testng.SuiteRunnerWorker.runSuite(SuiteRunnerWorker.java:53)
at org.testng.SuiteRunnerWorker.run(SuiteRunnerWorker.java:96)
at org.testng.TestNG.runSuitesSequentially(TestNG.java:1212)
at org.testng.TestNG.runSuitesLocally(TestNG.java:1134)
at org.testng.TestNG.runSuites(TestNG.java:1063)
at org.testng.TestNG.run(TestNG.java:1031)
at org.testng.remote.AbstractRemoteTestNG.run(AbstractRemoteTestNG.java:115)
at org.testng.remote.RemoteTestNG.initAndRun(RemoteTestNG.java:251)
at org.testng.remote.RemoteTestNG.main(RemoteTestNG.java:77)
]]>
            </full-stacktrace>
          </exception> <!-- java.lang.AssertionError -->
          <reporter-output>
          </reporter-output>
        </test-method> <!-- VerifyAbleToPopulateFormWithSkipParameters -->
        <test-method is-config="true" signature="RetrieveParameters(java.lang.reflect.Method)[pri:0, instance:com.te.toolsqa.TextBoxPageTest@2bac9ba]" started-at="2022-06-01T21:53:33 CEST" name="RetrieveParameters" finished-at="2022-06-01T21:53:33 CEST" duration-ms="2" status="PASS">
          <params>
            <param index="0">
              <value>
                <![CDATA[public void com.te.toolsqa.TextBoxPageTest.VerifyAbleToPopulateTextBoxes()]]>
              </value>
            </param>
          </params>
          <reporter-output>
          </reporter-output>
        </test-method> <!-- RetrieveParameters -->
        <test-method signature="VerifyAbleToPopulateTextBoxes()[pri:0, instance:com.te.toolsqa.TextBoxPageTest@2bac9ba]" started-at="2022-06-01T21:53:33 CEST" name="VerifyAbleToPopulateTextBoxes" finished-at="2022-06-01T21:53:35 CEST" duration-ms="1674" status="PASS">
          <reporter-output>
          </reporter-output>
        </test-method> <!-- VerifyAbleToPopulateTextBoxes -->
        <test-method is-config="true" signature="tearDown()[pri:0, instance:com.te.toolsqa.TextBoxPageTest@2bac9ba]" started-at="2022-06-01T21:53:35 CEST" name="tearDown" finished-at="2022-06-01T21:53:35 CEST" duration-ms="233" status="PASS">
          <reporter-output>
          </reporter-output>
        </test-method> <!-- tearDown -->
      </class> <!-- com.te.toolsqa.TextBoxPageTest -->
    </test> <!-- Default test -->
  </suite> <!-- Default suite -->
</testng-results>
